Relational_Minimum_Spanning_Trees.Prim
Euler_Partition.Euler_Partition
Stable_Matching.Bossiness
Probabilistic_Noninterference.Trace_Based
Modal_Logics_for_NTS.S_Transform
Koenigsberg_Friendship.FriendshipTheory
Stream-Fusion.StreamFusion
Zeta_3_Irrational.Zeta_3_Irrational
BNF_CC.Concrete_Examples
Probabilistic_While.Fast_Dice_Roll
Regular-Sets.Equivalence_Checking2
Category2.MonadicEquationalTheory
FinFun.FinFunPred
Projective_Geometry.Desargues_2D
Name_Carrying_Type_Inference.SimplyTyped
BNF_Operations.Compose
DiscretePricing.Option_Price_Examples
First_Welfare_Theorem.Private_Ownership_Economy
ArrowImpossibilityGS.GS
Gromov_Hyperbolicity.Bonk_Schramm_Extension
Refine_Monadic.Breadth_First_Search
Sigma_Commit_Crypto.Okamoto_Sigma_Commit
AVL-Trees.AVL
Decreasing-Diagrams.Decreasing_Diagrams
Chandy_Lamport.Co_Snapshot
Kuratowski_Closure_Complement.KuratowskiClosureComplementTheorem
Consensus_Refined.New_Algorithm_Proofs
Featherweight_OCL.Design_OCL
SuperCalc.superposition
Stable_Matching.Strategic
Noninterference_Concurrent_Composition.ConcurrentComposition
LOFT.OpenFlow_Documentation
Propositional_Proof_Systems.HC_Compl_Consistency
Tail_Recursive_Functions.CaseStudy1
BDD.NormalizeTotalProof
Quantales.Quantale_Left_Sided
Universal_Turing_Machine.Recs
Landau_Symbols.Landau_Library
Probabilistic_Timed_Automata.PTA_Reachability
FocusStreamsCaseStudies.Gateway_proof
Sigma_Commit_Crypto.Chaum_Pedersen_Sigma_Commit
Algebraic_VCs.VC_KAD_scratch
Irrationality_J_Hancl.Irrationality_J_Hancl
Stable_Matching.Sotomayor
Free-Boolean-Algebra.Free_Boolean_Algebra
Category.Yoneda
CryptoBasedCompositionalProperties.KnowledgeKeysSecrets
Special_Function_Bounds.Sin_Cos_Bounds
AI_Planning_Languages_Semantics.Lifschitz_Consistency
Algebraic_VCs.Path_Model_Example
IMO2019.IMO2019_Q4
Nominal2.Atoms
Closest_Pair_Points.Closest_Pair_Alternative
OpSets.RGA
LTL_Master_Theorem.Code_Export
CRDT.ORSet
Knuth_Morris_Pratt.KMP
Abstract-Hoare-Logics.PHoareTotal
TESL_Language.Stuttering
Valuation.Valuation3
Blue_Eyes.Blue_Eyes
Types_Tableaus_and_Goedels_God.IHOML_Examples
BNF_Operations.Lift
CYK.CYK
Inductive_Confidentiality.ConfidentialityDY
Approximation_Algorithms.Approx_LB_Hoare
MuchAdoAboutTwo.MuchAdoAboutTwo
Special_Function_Bounds.Atan_CF_Bounds
Myhill-Nerode.Closures2
SIFPL.HuntSands
BNF_Operations.Kill
Markov_Models.Zeroconf_Analysis
Linear_Recurrences.Rational_FPS_Asymptotics
HOLCF-Prelude.HLint
FileRefinement.FileRefinement
Tarskis_Geometry.Hyperbolic_Tarski
SIFUM_Type_Systems.LocallySoundModeUse
Regex_Equivalence.Examples
Approximation_Algorithms.Approx_VC_Hoare
Special_Function_Bounds.Sqrt_Bounds
Coinductive_Languages.Context_Free_Grammar
QR_Decomposition.Generalizations2
RefinementReactive.Reactive
Source_Coding_Theorem.Source_Coding_Theorem
Impossible_Geometry.Impossible_Geometry
Prime_Distribution_Elementary.Summatory_Divisor_Sigma_Bounds
Featherweight_OCL.Design_UML
Treaps.Random_Treap
Refine_Imperative_HOL.Sepref_Guide_Quickstart
QR_Decomposition.Least_Squares_Approximation
Topology.LList_Topology
Binomial-Queues.PQ_Implementation
Myhill-Nerode.Non_Regular_Languages
LinearQuantifierElim.FRE
Auto2_HOL.Pelletier
Inductive_Inference.LIM_BC
Elliptic_Curves_Group_Law.Elliptic_Axclass
VerifyThis2018.Challenge2
ClockSynchInst.ICAInstance
Ramsey-Infinite.Ramsey
Fourier.Fourier
List_Inversions.List_Inversions
Propositional_Proof_Systems.Sema_Craig
Hoare_Time.QuantK_Examples
AxiomaticCategoryTheory.AxiomaticCategoryTheory
Generic_Deriving.Derive_Encode
Inductive_Confidentiality.Knowledge
Transitive-Closure-II.RTrancl
Robbins-Conjecture.Robbins_Conjecture
Octonions.Octonions
Iptables_Semantics.Alternative_Semantics
QHLProver.Grover
Extended_Finite_State_Machine_Inference.Code_Generation
Universal_Turing_Machine.UTM
Probabilistic_System_Zoo.Bool_Bounded_Set
WorkerWrapper.UnboxedNats
Iptables_Semantics_Examples.Small_Examples
Formal_SSA.WhileGraphSSA
Safe_Distance.Safe_Distance_Reaction
Lam-ml-Normalization.Lam_ml
Derangements.Derangements
Propositional_Proof_Systems.CNF_To_Formula
HOLCF-Prelude.GHC_Rewrite_Rules
PSemigroupsConvolution.Partial_Semigroup_Lifting
PSemigroupsConvolution.Unary_Modalities
Markov_Models.Crowds_Protocol
Security_Protocol_Refinement.m3_nssk
Binding_Syntax_Theory.Semantic_Domains
Types_Tableaus_and_Goedels_God.FittingProof
Heard_Of.UvProof
Isabelle_Marries_Dirac.Deutsch_Jozsa
SIFUM_Type_Systems.TypeSystem
Berlekamp_Zassenhaus.Hensel_Lifting_Type_Based
Extended_Finite_State_Machines.Drinks_Machine
Order_Lattice_Props.Order_Lattice_Props_Wenzel
OpSets.Interleaving
Monad_Memo_DP.Counting_Tiles
Hybrid_Logic.Hybrid_Logic
Word_Lib.Examples
ArrowImpossibilityGS.Arrow_Utility
DFS_Framework.On_Stack
KAT_and_DRA.KAT2
Monad_Memo_DP.Longest_Common_Subsequence
Modular_Assembly_Kit_Security.UnwindingResults
Priority_Queue_Braun.Sorting_Braun
AutoFocus-Stream.IL_AF_Stream_Exec
FocusStreamsCaseStudies.FR_proof
Refine_Monadic.WordRefine
Ordinal_Partitions.Omega_Omega
Relational-Incorrectness-Logic.RelationalIncorrectness
GraphMarkingIBP.DSWMark
Randomised_BSTs.Randomised_BSTs
LinearQuantifierElim.QEdlo_fr
Goodstein_Lambda.Goodstein_Lambda
Abstract-Hoare-Logics.PsHoareTotal
CRDT.RGA
KAT_and_DRA.FolkTheorem
Order_Lattice_Props.Representations
FocusStreamsCaseStudies.SteamBoiler_proof
Regular_Algebras.Regular_Algebra_Models
Nested_Multisets_Ordinals.Unary_PCF
Decreasing-Diagrams-II.Decreasing_Diagrams_II
Nested_Multisets_Ordinals.Syntactic_Ordinal_Bridge
Consensus_Refined.BenOr_Proofs
Lower_Semicontinuous.Lower_Semicontinuous
Fishburn_Impossibility.Fishburn_Impossibility
Aggregation_Algebras.Linear_Aggregation_Algebras
Neumann_Morgenstern_Utility.Expected_Utility
Monomorphic_Monad.Monad_Overloading
Regular-Sets.Regexp_Constructions
Matrices_for_ODEs.MTX_Examples
Buildings.Building
IMP2_Binary_Heap.IMP2_Binary_Heap
KAT_and_DRA.DRAT2
Markov_Models.MDP_RP
Perron_Frobenius.Spectral_Radius_Theory
MonoBoolTranAlgebra.Statements
Quaternions.Quaternions
Pi_Calculus.Weak_Late_Cong_SC
Separata.Separata
pGCL.Primitives
KD_Tree.Nearest_Neighbors
Finite_Automata_HF.Finite_Automata_HF
Power_Sum_Polynomials.Power_Sum_Puzzle
Iptables_Semantics.Negation_Type_DNF
Multi_Party_Computation.ETP_RSA_OT
Bounded_Deducibility_Security.BD_Security
Weight_Balanced_Trees.Weight_Balanced_Trees
Approximation_Algorithms.Approx_BP_Hoare
MFOTL_Monitor.Examples
SDS_Impossibility.SDS_Impossibility
Pi_Calculus.Strong_Late_Axiomatisation
Timed_Automata.Normalized_Zone_Semantics
Collections.Robdd
Probabilistic_Noninterference.Concrete
Statecharts.CarAudioSystem
Partial_Order_Reduction.Nondeterminism
PseudoHoops.Examples
Collections.SetAbstractionIterator
ComponentDependencies.DataDependenciesCaseStudy
Koenigsberg_Friendship.KoenigsbergBridge
QR_Decomposition.QR_Efficient
Special_Function_Bounds.Exp_Bounds
Markov_Models.MDP_RP_Certification
